<?xml version="1.0" encoding="UTF-8"?>
<!-- Generated by org.testng.reporters.JUnitReportReporter -->
<testsuite hostname="DESKTOP-A1BAMDI" failures="0" tests="1" name="wep_pages_test.CartTest" time="0.041" errors="0" timestamp="2024-01-04T00:05:57 EET" skipped="0">
  <testcase classname="wep_pages_test.CartTest" name="verifyCart" time="0.041"/>
</testsuite> <!-- wep_pages_test.CartTest -->
