<?xml version="1.0" encoding="UTF-8"?>
<!-- Generated by org.testng.reporters.JUnitReportReporter -->
<testsuite hostname="DESKTOP-A1BAMDI" failures="0" tests="1" name="wep_pages_test.SignUpTest" time="0.007" errors="0" timestamp="2023-12-15T23:11:11 EET" skipped="0">
  <testcase classname="wep_pages_test.SignUpTest" name="signUpWithValidData" time="0.007"/>
</testsuite> <!-- wep_pages_test.SignUpTest -->
